<?xml version="1.0" encoding="UTF-8"?>
<!-- Generated by org.testng.reporters.JUnitXMLReporter -->
<testsuite ignored="0" hostname="Laptop-BharatSingh" failures="0" tests="4" name="Test" time="23.037" errors="0" timestamp="2023-11-05T13:09:59 IST">
  <testcase classname="SauceDemoPageObject.TestCase.LoginTestCase" name="LoginTest1" time="3.279"/>
  <testcase classname="SauceDemoPageObject.TestCase.LoginTestCase" name="LoginTest2" time="4.244"/>
  <testcase classname="SauceDemoPageObject.TestCase.LoginTestCase" name="LoginTest3" time="4.26"/>
  <testcase classname="SauceDemoPageObject.TestCase.ProductTestCase" name="ProductTestCase1" time="3.315"/>
</testsuite> <!-- Test -->
