<?xml version="1.0" encoding="UTF-8"?>
<testng-results ignored="0" total="4" passed="4" failed="0" skipped="0">
  <reporter-output>
  </reporter-output>
  <suite started-at="2023-11-05T13:21:31 IST" name="Suite" finished-at="2023-11-05T13:21:47 IST" duration-ms="16406">
    <groups>
    </groups>
    <test started-at="2023-11-05T13:21:31 IST" name="Test" finished-at="2023-11-05T13:21:47 IST" duration-ms="16406">
      <class name="SauceDemoPageObject.TestCase.ProductTestCase">
        <test-method is-config="true" signature="Setup()[pri:0, instance:SauceDemoPageObject.TestCase.ProductTestCase@5158b42f]" started-at="2023-11-05T13:21:42 IST" name="Setup" finished-at="2023-11-05T13:21:44 IST" duration-ms="1750" status="PASS">
          <reporter-output>
          </reporter-output>
        </test-method> <!-- Setup -->
        <test-method signature="ProductTestCase1()[pri:0, instance:SauceDemoPageObject.TestCase.ProductTestCase@5158b42f]" started-at="2023-11-05T13:21:44 IST" name="ProductTestCase1" finished-at="2023-11-05T13:21:47 IST" duration-ms="3275" status="PASS">
          <reporter-output>
          </reporter-output>
        </test-method> <!-- ProductTestCase1 -->
        <test-method is-config="true" signature="TeadDown()[pri:0, instance:SauceDemoPageObject.TestCase.ProductTestCase@5158b42f]" started-at="2023-11-05T13:21:47 IST" name="TeadDown" finished-at="2023-11-05T13:21:47 IST" duration-ms="141" status="PASS">
          <reporter-output>
          </reporter-output>
        </test-method> <!-- TeadDown -->
      </class> <!-- SauceDemoPageObject.TestCase.ProductTestCase -->
      <class name="SauceDemoPageObject.TestCase.LoginTestCase">
        <test-method is-config="true" signature="Setup()[pri:0, instance:SauceDemoPageObject.TestCase.LoginTestCase@8dbdac1]" started-at="2023-11-05T13:21:31 IST" name="Setup" finished-at="2023-11-05T13:21:34 IST" duration-ms="3251" status="PASS">
          <reporter-output>
          </reporter-output>
        </test-method> <!-- Setup -->
        <test-method signature="LoginTest1()[pri:0, instance:SauceDemoPageObject.TestCase.LoginTestCase@8dbdac1]" started-at="2023-11-05T13:21:34 IST" name="LoginTest1" finished-at="2023-11-05T13:21:34 IST" duration-ms="229" status="PASS">
          <reporter-output>
          </reporter-output>
        </test-method> <!-- LoginTest1 -->
        <test-method is-config="true" signature="TeadDown()[pri:0, instance:SauceDemoPageObject.TestCase.LoginTestCase@8dbdac1]" started-at="2023-11-05T13:21:34 IST" name="TeadDown" finished-at="2023-11-05T13:21:35 IST" duration-ms="1136" status="PASS">
          <reporter-output>
          </reporter-output>
        </test-method> <!-- TeadDown -->
        <test-method is-config="true" signature="Setup()[pri:0, instance:SauceDemoPageObject.TestCase.LoginTestCase@8dbdac1]" started-at="2023-11-05T13:21:35 IST" name="Setup" finished-at="2023-11-05T13:21:38 IST" duration-ms="2155" status="PASS">
          <reporter-output>
          </reporter-output>
        </test-method> <!-- Setup -->
        <test-method signature="LoginTest2()[pri:0, instance:SauceDemoPageObject.TestCase.LoginTestCase@8dbdac1]" started-at="2023-11-05T13:21:38 IST" name="LoginTest2" finished-at="2023-11-05T13:21:38 IST" duration-ms="206" status="PASS">
          <reporter-output>
          </reporter-output>
        </test-method> <!-- LoginTest2 -->
        <test-method is-config="true" signature="TeadDown()[pri:0, instance:SauceDemoPageObject.TestCase.LoginTestCase@8dbdac1]" started-at="2023-11-05T13:21:38 IST" name="TeadDown" finished-at="2023-11-05T13:21:39 IST" duration-ms="1154" status="PASS">
          <reporter-output>
          </reporter-output>
        </test-method> <!-- TeadDown -->
        <test-method is-config="true" signature="Setup()[pri:0, instance:SauceDemoPageObject.TestCase.LoginTestCase@8dbdac1]" started-at="2023-11-05T13:21:39 IST" name="Setup" finished-at="2023-11-05T13:21:41 IST" duration-ms="1732" status="PASS">
          <reporter-output>
          </reporter-output>
        </test-method> <!-- Setup -->
        <test-method signature="LoginTest3()[pri:0, instance:SauceDemoPageObject.TestCase.LoginTestCase@8dbdac1]" started-at="2023-11-05T13:21:41 IST" name="LoginTest3" finished-at="2023-11-05T13:21:41 IST" duration-ms="214" status="PASS">
          <reporter-output>
          </reporter-output>
        </test-method> <!-- LoginTest3 -->
        <test-method is-config="true" signature="TeadDown()[pri:0, instance:SauceDemoPageObject.TestCase.LoginTestCase@8dbdac1]" started-at="2023-11-05T13:21:41 IST" name="TeadDown" finished-at="2023-11-05T13:21:42 IST" duration-ms="1133" status="PASS">
          <reporter-output>
          </reporter-output>
        </test-method> <!-- TeadDown -->
      </class> <!-- SauceDemoPageObject.TestCase.LoginTestCase -->
    </test> <!-- Test -->
  </suite> <!-- Suite -->
</testng-results>
