<?xml version="1.0" encoding="UTF-8"?>
<!-- Generated by org.testng.reporters.JUnitXMLReporter -->
<testsuite ignored="0" hostname="Laptop-BharatSingh" failures="0" tests="4" name="Test" time="16.406" errors="0" timestamp="2023-11-05T13:21:47 IST">
  <testcase classname="SauceDemoPageObject.TestCase.LoginTestCase" name="LoginTest1" time="0.229"/>
  <testcase classname="SauceDemoPageObject.TestCase.LoginTestCase" name="LoginTest2" time="0.206"/>
  <testcase classname="SauceDemoPageObject.TestCase.LoginTestCase" name="LoginTest3" time="0.214"/>
  <testcase classname="SauceDemoPageObject.TestCase.ProductTestCase" name="ProductTestCase1" time="3.275"/>
</testsuite> <!-- Test -->
